<?xml version="1.0" encoding="UTF-8"?>
<testng-results skipped="0" failed="0" ignored="0" total="1" passed="1">
  <reporter-output>
  </reporter-output>
  <suite name="Suite_CTMS" duration-ms="13352" started-at="2018-01-30T09:28:10Z" finished-at="2018-01-30T09:28:24Z">
    <groups>
    </groups>
    <test name="Test" duration-ms="13352" started-at="2018-01-30T09:28:10Z" finished-at="2018-01-30T09:28:24Z">
      <class name="SamplePackage.UrlLaunching">
        <test-method status="PASS" signature="tearUp()[pri:0, instance:SamplePackage.UrlLaunching@614c5515]" name="tearUp" is-config="true" duration-ms="12347" started-at="2018-01-30T14:58:10Z" finished-at="2018-01-30T14:58:23Z">
          <reporter-output>
          </reporter-output>
        </test-method> <!-- tearUp -->
        <test-method status="PASS" signature="GoogleLaunch()[pri:0, instance:SamplePackage.UrlLaunching@614c5515]" name="GoogleLaunch" duration-ms="2" started-at="2018-01-30T14:58:23Z" finished-at="2018-01-30T14:58:23Z">
          <reporter-output>
          </reporter-output>
        </test-method> <!-- GoogleLaunch -->
        <test-method status="PASS" signature="tearDown()[pri:0, instance:SamplePackage.UrlLaunching@614c5515]" name="tearDown" is-config="true" duration-ms="969" started-at="2018-01-30T14:58:23Z" finished-at="2018-01-30T14:58:24Z">
          <reporter-output>
          </reporter-output>
        </test-method> <!-- tearDown -->
      </class> <!-- SamplePackage.UrlLaunching -->
    </test> <!-- Test -->
  </suite> <!-- Suite_CTMS -->
</testng-results>
